2013/10/11 15:01:21 [error] [exception.CDbException] could not find driver
2013/10/11 15:01:21 [error] [exception.CDbException] exception 'CDbException' with message 'CDbConnection failed to open the DB connection.' in /home/oclean66/Dropbox/xampp/htdocs/yii/framework/db/CDbConnection.php:387
Stack trace:
#0 /home/oclean66/Dropbox/xampp/htdocs/yii/framework/db/CDbConnection.php(330): CDbConnection->open()
#1 /home/oclean66/Dropbox/xampp/htdocs/yii/framework/db/CDbConnection.php(308): CDbConnection->setActive(true)
#2 /home/oclean66/Dropbox/xampp/htdocs/yii/framework/base/CModule.php(387): CDbConnection->init()
#3 /home/oclean66/Dropbox/xampp/htdocs/yii/framework/base/CApplication.php(438): CModule->getComponent('db')
#4 /home/oclean66/Dropbox/xampp/htdocs/yii/framework/db/ar/CActiveRecord.php(623): CApplication->getDb()
#5 /home/oclean66/Dropbox/xampp/htdocs/yii/framework/db/ar/CActiveRecord.php(2309): CActiveRecord->getDbConnection()
#6 /home/oclean66/Dropbox/xampp/htdocs/yii/framework/db/ar/CActiveRecord.php(387): CActiveRecordMetaData->__construct(Object(Post))
#7 /home/oclean66/Dropbox/xampp/htdocs/yii/framework/web/CActiveDataProvider.php(74): CActiveRecord::model('Post')
#8 /home/oclean66/Dropbox/xampp/htdocs/yii/demos/blog/protected/controllers/PostController.php(132): CActiveDataProvider->__construct('Post', Array)
#9 /home/oclean66/Dropbox/xampp/htdocs/yii/framework/web/actions/CInlineAction.php(49): PostController->actionIndex()
#10 /home/oclean66/Dropbox/xampp/htdocs/yii/framework/web/CController.php(308): CInlineAction->runWithParams(Array)
#11 /home/oclean66/Dropbox/xampp/htdocs/yii/framework/web/filters/CFilterChain.php(133): CController->runAction(Object(CInlineAction))
#12 /home/oclean66/Dropbox/xampp/htdocs/yii/framework/web/filters/CFilter.php(40): CFilterChain->run()
#13 /home/oclean66/Dropbox/xampp/htdocs/yii/framework/web/CController.php(1145): CFilter->filter(Object(CFilterChain))
#14 /home/oclean66/Dropbox/xampp/htdocs/yii/framework/web/filters/CInlineFilter.php(58): CController->filterAccessControl(Object(CFilterChain))
#15 /home/oclean66/Dropbox/xampp/htdocs/yii/framework/web/filters/CFilterChain.php(130): CInlineFilter->filter(Object(CFilterChain))
#16 /home/oclean66/Dropbox/xampp/htdocs/yii/framework/web/CController.php(291): CFilterChain->run()
#17 /home/oclean66/Dropbox/xampp/htdocs/yii/framework/web/CController.php(265): CController->runActionWithFilters(Object(CInlineAction), Array)
#18 /home/oclean66/Dropbox/xampp/htdocs/yii/framework/web/CWebApplication.php(282): CController->run('')
#19 /home/oclean66/Dropbox/xampp/htdocs/yii/framework/web/CWebApplication.php(141): CWebApplication->runController('')
#20 /home/oclean66/Dropbox/xampp/htdocs/yii/framework/base/CApplication.php(169): CWebApplication->processRequest()
#21 /home/oclean66/Dropbox/xampp/htdocs/yii/demos/blog/index.php(11): CApplication->run()
#22 {main}
REQUEST_URI=/yii/demos/blog/
HTTP_REFERER=http://localhost/yii/demos/
---
2013/10/11 15:01:33 [error] [exception.CDbException] could not find driver
2013/10/11 15:01:33 [error] [exception.CDbException] exception 'CDbException' with message 'CDbConnection failed to open the DB connection.' in /home/oclean66/Dropbox/xampp/htdocs/yii/framework/db/CDbConnection.php:387
Stack trace:
#0 /home/oclean66/Dropbox/xampp/htdocs/yii/framework/db/CDbConnection.php(330): CDbConnection->open()
#1 /home/oclean66/Dropbox/xampp/htdocs/yii/framework/db/CDbConnection.php(308): CDbConnection->setActive(true)
#2 /home/oclean66/Dropbox/xampp/htdocs/yii/framework/base/CModule.php(387): CDbConnection->init()
#3 /home/oclean66/Dropbox/xampp/htdocs/yii/framework/base/CApplication.php(438): CModule->getComponent('db')
#4 /home/oclean66/Dropbox/xampp/htdocs/yii/framework/db/ar/CActiveRecord.php(623): CApplication->getDb()
#5 /home/oclean66/Dropbox/xampp/htdocs/yii/framework/db/ar/CActiveRecord.php(2309): CActiveRecord->getDbConnection()
#6 /home/oclean66/Dropbox/xampp/htdocs/yii/framework/db/ar/CActiveRecord.php(387): CActiveRecordMetaData->__construct(Object(Post))
#7 /home/oclean66/Dropbox/xampp/htdocs/yii/framework/web/CActiveDataProvider.php(74): CActiveRecord::model('Post')
#8 /home/oclean66/Dropbox/xampp/htdocs/yii/demos/blog/protected/controllers/PostController.php(132): CActiveDataProvider->__construct('Post', Array)
#9 /home/oclean66/Dropbox/xampp/htdocs/yii/framework/web/actions/CInlineAction.php(49): PostController->actionIndex()
#10 /home/oclean66/Dropbox/xampp/htdocs/yii/framework/web/CController.php(308): CInlineAction->runWithParams(Array)
#11 /home/oclean66/Dropbox/xampp/htdocs/yii/framework/web/filters/CFilterChain.php(133): CController->runAction(Object(CInlineAction))
#12 /home/oclean66/Dropbox/xampp/htdocs/yii/framework/web/filters/CFilter.php(40): CFilterChain->run()
#13 /home/oclean66/Dropbox/xampp/htdocs/yii/framework/web/CController.php(1145): CFilter->filter(Object(CFilterChain))
#14 /home/oclean66/Dropbox/xampp/htdocs/yii/framework/web/filters/CInlineFilter.php(58): CController->filterAccessControl(Object(CFilterChain))
#15 /home/oclean66/Dropbox/xampp/htdocs/yii/framework/web/filters/CFilterChain.php(130): CInlineFilter->filter(Object(CFilterChain))
#16 /home/oclean66/Dropbox/xampp/htdocs/yii/framework/web/CController.php(291): CFilterChain->run()
#17 /home/oclean66/Dropbox/xampp/htdocs/yii/framework/web/CController.php(265): CController->runActionWithFilters(Object(CInlineAction), Array)
#18 /home/oclean66/Dropbox/xampp/htdocs/yii/framework/web/CWebApplication.php(282): CController->run('index')
#19 /home/oclean66/Dropbox/xampp/htdocs/yii/framework/web/CWebApplication.php(141): CWebApplication->runController('post/index')
#20 /home/oclean66/Dropbox/xampp/htdocs/yii/framework/base/CApplication.php(169): CWebApplication->processRequest()
#21 /home/oclean66/Dropbox/xampp/htdocs/yii/demos/blog/index.php(11): CApplication->run()
#22 {main}
REQUEST_URI=/yii/demos/blog/index.php/post/index
HTTP_REFERER=http://localhost/yii/demos/blog/index.php/site/page?view=about
---
2013/10/11 15:01:39 [error] [exception.CDbException] could not find driver
2013/10/11 15:01:39 [error] [exception.CDbException] exception 'CDbException' with message 'CDbConnection failed to open the DB connection.' in /home/oclean66/Dropbox/xampp/htdocs/yii/framework/db/CDbConnection.php:387
Stack trace:
#0 /home/oclean66/Dropbox/xampp/htdocs/yii/framework/db/CDbConnection.php(330): CDbConnection->open()
#1 /home/oclean66/Dropbox/xampp/htdocs/yii/framework/db/CDbConnection.php(308): CDbConnection->setActive(true)
#2 /home/oclean66/Dropbox/xampp/htdocs/yii/framework/base/CModule.php(387): CDbConnection->init()
#3 /home/oclean66/Dropbox/xampp/htdocs/yii/framework/base/CApplication.php(438): CModule->getComponent('db')
#4 /home/oclean66/Dropbox/xampp/htdocs/yii/framework/db/ar/CActiveRecord.php(623): CApplication->getDb()
#5 /home/oclean66/Dropbox/xampp/htdocs/yii/framework/db/ar/CActiveRecord.php(2309): CActiveRecord->getDbConnection()
#6 /home/oclean66/Dropbox/xampp/htdocs/yii/framework/db/ar/CActiveRecord.php(387): CActiveRecordMetaData->__construct(Object(Post))
#7 /home/oclean66/Dropbox/xampp/htdocs/yii/framework/web/CActiveDataProvider.php(74): CActiveRecord::model('Post')
#8 /home/oclean66/Dropbox/xampp/htdocs/yii/demos/blog/protected/controllers/PostController.php(132): CActiveDataProvider->__construct('Post', Array)
#9 /home/oclean66/Dropbox/xampp/htdocs/yii/framework/web/actions/CInlineAction.php(49): PostController->actionIndex()
#10 /home/oclean66/Dropbox/xampp/htdocs/yii/framework/web/CController.php(308): CInlineAction->runWithParams(Array)
#11 /home/oclean66/Dropbox/xampp/htdocs/yii/framework/web/filters/CFilterChain.php(133): CController->runAction(Object(CInlineAction))
#12 /home/oclean66/Dropbox/xampp/htdocs/yii/framework/web/filters/CFilter.php(40): CFilterChain->run()
#13 /home/oclean66/Dropbox/xampp/htdocs/yii/framework/web/CController.php(1145): CFilter->filter(Object(CFilterChain))
#14 /home/oclean66/Dropbox/xampp/htdocs/yii/framework/web/filters/CInlineFilter.php(58): CController->filterAccessControl(Object(CFilterChain))
#15 /home/oclean66/Dropbox/xampp/htdocs/yii/framework/web/filters/CFilterChain.php(130): CInlineFilter->filter(Object(CFilterChain))
#16 /home/oclean66/Dropbox/xampp/htdocs/yii/framework/web/CController.php(291): CFilterChain->run()
#17 /home/oclean66/Dropbox/xampp/htdocs/yii/framework/web/CController.php(265): CController->runActionWithFilters(Object(CInlineAction), Array)
#18 /home/oclean66/Dropbox/xampp/htdocs/yii/framework/web/CWebApplication.php(282): CController->run('index')
#19 /home/oclean66/Dropbox/xampp/htdocs/yii/framework/web/CWebApplication.php(141): CWebApplication->runController('post/index')
#20 /home/oclean66/Dropbox/xampp/htdocs/yii/framework/base/CApplication.php(169): CWebApplication->processRequest()
#21 /home/oclean66/Dropbox/xampp/htdocs/yii/demos/blog/index.php(11): CApplication->run()
#22 {main}
REQUEST_URI=/yii/demos/blog/index.php/post/index
HTTP_REFERER=http://localhost/yii/demos/blog/index.php/site/page?view=about
---
